<?xml version="1.0" encoding="UTF-8"?>
<!-- Generated by org.testng.reporters.JUnitReportReporter -->
<testsuite hostname="DESKTOP-C0K77E2" failures="0" tests="1" name="dev.djob.id.TestSolver" time="7.087" errors="0" timestamp="2024-01-25T13:49:19 CET" skipped="0">
  <testcase classname="dev.djob.id.TestSolver" name="buildTestSolver" time="7.087"/>
  <system-out/>
</testsuite> <!-- dev.djob.id.TestSolver -->
