<?xml version="1.0" encoding="UTF-8"?>
<!-- Generated by org.testng.reporters.JUnitReportReporter -->
<testsuite hostname="DESKTOP-C0K77E2" failures="0" tests="1" name="dev.equation.id.TestSolver" time="4.728" errors="0" timestamp="2024-01-25T17:56:24 CET" skipped="0">
  <testcase classname="dev.equation.id.TestSolver" name="buildTestSolver" time="4.728"/>
  <system-out/>
</testsuite> <!-- dev.equation.id.TestSolver -->
