<?xml version="1.0" encoding="UTF-8"?>
<!-- Generated by org.testng.reporters.JUnitReportReporter -->
<testsuite hostname="DESKTOP-C0K77E2" failures="0" tests="1" name="dev.equation.id.AppTest" time="0.016" errors="0" timestamp="2024-01-25T17:56:25 CET" skipped="0">
  <testcase classname="dev.equation.id.AppTest" name="shouldAnswerWithTrue" time="0.016"/>
  <system-out/>
</testsuite> <!-- dev.equation.id.AppTest -->
